2017-11-03 08:52:09 [scrapy.utils.log] INFO: Scrapy 1.4.0 started (bot: douban_simple)
2017-11-03 08:52:09 [scrapy.utils.log] INFO: Overridden settings: {'BOT_NAME': 'douban_simple', 'LOG_FILE': 'scrapy.log', 'NEWSPIDER_MODULE': 'douban_simple.spiders', 'SPIDER_MODULES': ['douban_simple.spiders']}
2017-11-03 08:52:09 [scrapy.middleware] INFO: Enabled extensions:
['scrapy.extensions.corestats.CoreStats',
 'scrapy.extensions.telnet.TelnetConsole',
 'scrapy.extensions.memusage.MemoryUsage',
 'scrapy.extensions.logstats.LogStats']
2017-11-03 08:52:09 [scrapy.middleware] INFO: Enabled downloader middlewares:
['scrapy.downloadermiddlewares.httpauth.HttpAuthMiddleware',
 'scrapy.downloadermiddlewares.downloadtimeout.DownloadTimeoutMiddleware',
 'scrapy.downloadermiddlewares.defaultheaders.DefaultHeadersMiddleware',
 'scrapy.downloadermiddlewares.useragent.UserAgentMiddleware',
 'scrapy.downloadermiddlewares.retry.RetryMiddleware',
 'scrapy.downloadermiddlewares.redirect.MetaRefreshMiddleware',
 'scrapy.downloadermiddlewares.httpcompression.HttpCompressionMiddleware',
 'scrapy.downloadermiddlewares.redirect.RedirectMiddleware',
 'scrapy.downloadermiddlewares.cookies.CookiesMiddleware',
 'scrapy.downloadermiddlewares.httpproxy.HttpProxyMiddleware',
 'scrapy.downloadermiddlewares.stats.DownloaderStats']
2017-11-03 08:52:09 [scrapy.middleware] INFO: Enabled spider middlewares:
['scrapy.spidermiddlewares.httperror.HttpErrorMiddleware',
 'scrapy.spidermiddlewares.offsite.OffsiteMiddleware',
 'scrapy.spidermiddlewares.referer.RefererMiddleware',
 'scrapy.spidermiddlewares.urllength.UrlLengthMiddleware',
 'scrapy.spidermiddlewares.depth.DepthMiddleware']
2017-11-03 08:52:09 [scrapy.middleware] INFO: Enabled item pipelines:
[]
2017-11-03 08:52:09 [scrapy.core.engine] INFO: Spider opened
2017-11-03 08:52:09 [scrapy.extensions.logstats] INFO: Crawled 0 pages (at 0 pages/min), scraped 0 items (at 0 items/min)
2017-11-03 08:52:09 [scrapy.extensions.telnet] DEBUG: Telnet console listening on 127.0.0.1:6023
2017-11-03 08:52:10 [scrapy.core.engine] DEBUG: Crawled (200) <GET http://www.lihun66.com> (referer: None)
2017-11-03 08:52:10 [scrapy.core.engine] INFO: Closing spider (finished)
2017-11-03 08:52:10 [scrapy.statscollectors] INFO: Dumping Scrapy stats:
{'downloader/request_bytes': 213,
 'downloader/request_count': 1,
 'downloader/request_method_count/GET': 1,
 'downloader/response_bytes': 12039,
 'downloader/response_count': 1,
 'downloader/response_status_count/200': 1,
 'finish_reason': 'finished',
 'finish_time': datetime.datetime(2017, 11, 3, 0, 52, 10, 376327),
 'log_count/DEBUG': 2,
 'log_count/INFO': 7,
 'memusage/max': 65527808,
 'memusage/startup': 65527808,
 'response_received_count': 1,
 'scheduler/dequeued': 1,
 'scheduler/dequeued/memory': 1,
 'scheduler/enqueued': 1,
 'scheduler/enqueued/memory': 1,
 'start_time': datetime.datetime(2017, 11, 3, 0, 52, 9, 404192)}
2017-11-03 08:52:10 [scrapy.core.engine] INFO: Spider closed (finished)
2017-11-03 08:52:37 [scrapy.utils.log] INFO: Scrapy 1.4.0 started (bot: douban_simple)
2017-11-03 08:52:37 [scrapy.utils.log] INFO: Overridden settings: {'BOT_NAME': 'douban_simple', 'LOG_FILE': 'scrapy.log', 'NEWSPIDER_MODULE': 'douban_simple.spiders', 'SPIDER_MODULES': ['douban_simple.spiders']}
2017-11-03 08:52:37 [scrapy.middleware] INFO: Enabled extensions:
['scrapy.extensions.corestats.CoreStats',
 'scrapy.extensions.telnet.TelnetConsole',
 'scrapy.extensions.memusage.MemoryUsage',
 'scrapy.extensions.logstats.LogStats']
2017-11-03 08:52:37 [scrapy.middleware] INFO: Enabled downloader middlewares:
['scrapy.downloadermiddlewares.httpauth.HttpAuthMiddleware',
 'scrapy.downloadermiddlewares.downloadtimeout.DownloadTimeoutMiddleware',
 'scrapy.downloadermiddlewares.defaultheaders.DefaultHeadersMiddleware',
 'scrapy.downloadermiddlewares.useragent.UserAgentMiddleware',
 'scrapy.downloadermiddlewares.retry.RetryMiddleware',
 'scrapy.downloadermiddlewares.redirect.MetaRefreshMiddleware',
 'scrapy.downloadermiddlewares.httpcompression.HttpCompressionMiddleware',
 'scrapy.downloadermiddlewares.redirect.RedirectMiddleware',
 'scrapy.downloadermiddlewares.cookies.CookiesMiddleware',
 'scrapy.downloadermiddlewares.httpproxy.HttpProxyMiddleware',
 'scrapy.downloadermiddlewares.stats.DownloaderStats']
2017-11-03 08:52:37 [scrapy.middleware] INFO: Enabled spider middlewares:
['scrapy.spidermiddlewares.httperror.HttpErrorMiddleware',
 'scrapy.spidermiddlewares.offsite.OffsiteMiddleware',
 'scrapy.spidermiddlewares.referer.RefererMiddleware',
 'scrapy.spidermiddlewares.urllength.UrlLengthMiddleware',
 'scrapy.spidermiddlewares.depth.DepthMiddleware']
2017-11-03 08:52:37 [scrapy.middleware] INFO: Enabled item pipelines:
[]
2017-11-03 08:52:37 [scrapy.core.engine] INFO: Spider opened
2017-11-03 08:52:37 [scrapy.extensions.logstats] INFO: Crawled 0 pages (at 0 pages/min), scraped 0 items (at 0 items/min)
2017-11-03 08:52:37 [scrapy.extensions.telnet] DEBUG: Telnet console listening on 127.0.0.1:6023
2017-11-03 08:52:37 [scrapy.core.engine] DEBUG: Crawled (200) <GET http://www.lihun66.com> (referer: None)
2017-11-03 08:52:37 [scrapy.core.engine] INFO: Closing spider (finished)
2017-11-03 08:52:37 [scrapy.statscollectors] INFO: Dumping Scrapy stats:
{'downloader/request_bytes': 213,
 'downloader/request_count': 1,
 'downloader/request_method_count/GET': 1,
 'downloader/response_bytes': 12039,
 'downloader/response_count': 1,
 'downloader/response_status_count/200': 1,
 'finish_reason': 'finished',
 'finish_time': datetime.datetime(2017, 11, 3, 0, 52, 37, 880183),
 'log_count/DEBUG': 2,
 'log_count/INFO': 7,
 'memusage/max': 65576960,
 'memusage/startup': 65576960,
 'response_received_count': 1,
 'scheduler/dequeued': 1,
 'scheduler/dequeued/memory': 1,
 'scheduler/enqueued': 1,
 'scheduler/enqueued/memory': 1,
 'start_time': datetime.datetime(2017, 11, 3, 0, 52, 37, 596398)}
2017-11-03 08:52:37 [scrapy.core.engine] INFO: Spider closed (finished)
2017-11-03 08:54:04 [scrapy.utils.log] INFO: Scrapy 1.4.0 started (bot: douban_simple)
2017-11-03 08:54:04 [scrapy.utils.log] INFO: Overridden settings: {'BOT_NAME': 'douban_simple', 'LOG_FILE': 'scrapy.log', 'NEWSPIDER_MODULE': 'douban_simple.spiders', 'SPIDER_MODULES': ['douban_simple.spiders']}
2017-11-03 08:54:04 [scrapy.middleware] INFO: Enabled extensions:
['scrapy.extensions.corestats.CoreStats',
 'scrapy.extensions.telnet.TelnetConsole',
 'scrapy.extensions.memusage.MemoryUsage',
 'scrapy.extensions.logstats.LogStats']
2017-11-03 08:54:05 [scrapy.middleware] INFO: Enabled downloader middlewares:
['scrapy.downloadermiddlewares.httpauth.HttpAuthMiddleware',
 'scrapy.downloadermiddlewares.downloadtimeout.DownloadTimeoutMiddleware',
 'scrapy.downloadermiddlewares.defaultheaders.DefaultHeadersMiddleware',
 'scrapy.downloadermiddlewares.useragent.UserAgentMiddleware',
 'scrapy.downloadermiddlewares.retry.RetryMiddleware',
 'scrapy.downloadermiddlewares.redirect.MetaRefreshMiddleware',
 'scrapy.downloadermiddlewares.httpcompression.HttpCompressionMiddleware',
 'scrapy.downloadermiddlewares.redirect.RedirectMiddleware',
 'scrapy.downloadermiddlewares.cookies.CookiesMiddleware',
 'scrapy.downloadermiddlewares.httpproxy.HttpProxyMiddleware',
 'scrapy.downloadermiddlewares.stats.DownloaderStats']
2017-11-03 08:54:05 [scrapy.middleware] INFO: Enabled spider middlewares:
['scrapy.spidermiddlewares.httperror.HttpErrorMiddleware',
 'scrapy.spidermiddlewares.offsite.OffsiteMiddleware',
 'scrapy.spidermiddlewares.referer.RefererMiddleware',
 'scrapy.spidermiddlewares.urllength.UrlLengthMiddleware',
 'scrapy.spidermiddlewares.depth.DepthMiddleware']
2017-11-03 08:54:05 [scrapy.middleware] INFO: Enabled item pipelines:
[]
2017-11-03 08:54:05 [scrapy.core.engine] INFO: Spider opened
2017-11-03 08:54:05 [scrapy.extensions.logstats] INFO: Crawled 0 pages (at 0 pages/min), scraped 0 items (at 0 items/min)
2017-11-03 08:54:05 [scrapy.extensions.telnet] DEBUG: Telnet console listening on 127.0.0.1:6023
2017-11-03 08:54:05 [scrapy.core.engine] DEBUG: Crawled (403) <GET https://movie.douban.com/chart> (referer: None)
2017-11-03 08:54:05 [scrapy.spidermiddlewares.httperror] INFO: Ignoring response <403 https://movie.douban.com/chart>: HTTP status code is not handled or not allowed
2017-11-03 08:54:05 [scrapy.core.engine] INFO: Closing spider (finished)
2017-11-03 08:54:05 [scrapy.statscollectors] INFO: Dumping Scrapy stats:
{'downloader/request_bytes': 219,
 'downloader/request_count': 1,
 'downloader/request_method_count/GET': 1,
 'downloader/response_bytes': 248,
 'downloader/response_count': 1,
 'downloader/response_status_count/403': 1,
 'finish_reason': 'finished',
 'finish_time': datetime.datetime(2017, 11, 3, 0, 54, 5, 540471),
 'httperror/response_ignored_count': 1,
 'httperror/response_ignored_status_count/403': 1,
 'log_count/DEBUG': 2,
 'log_count/INFO': 8,
 'memusage/max': 65093632,
 'memusage/startup': 65093632,
 'response_received_count': 1,
 'scheduler/dequeued': 1,
 'scheduler/dequeued/memory': 1,
 'scheduler/enqueued': 1,
 'scheduler/enqueued/memory': 1,
 'start_time': datetime.datetime(2017, 11, 3, 0, 54, 5, 79743)}
2017-11-03 08:54:05 [scrapy.core.engine] INFO: Spider closed (finished)
2017-11-03 08:54:28 [scrapy.utils.log] INFO: Scrapy 1.4.0 started (bot: douban_simple)
2017-11-03 08:54:28 [scrapy.utils.log] INFO: Overridden settings: {'BOT_NAME': 'douban_simple', 'LOG_FILE': 'scrapy.log', 'NEWSPIDER_MODULE': 'douban_simple.spiders', 'SPIDER_MODULES': ['douban_simple.spiders']}
2017-11-03 08:54:28 [scrapy.middleware] INFO: Enabled extensions:
['scrapy.extensions.corestats.CoreStats',
 'scrapy.extensions.telnet.TelnetConsole',
 'scrapy.extensions.memusage.MemoryUsage',
 'scrapy.extensions.logstats.LogStats']
2017-11-03 08:54:28 [scrapy.middleware] INFO: Enabled downloader middlewares:
['scrapy.downloadermiddlewares.httpauth.HttpAuthMiddleware',
 'scrapy.downloadermiddlewares.downloadtimeout.DownloadTimeoutMiddleware',
 'scrapy.downloadermiddlewares.defaultheaders.DefaultHeadersMiddleware',
 'scrapy.downloadermiddlewares.useragent.UserAgentMiddleware',
 'scrapy.downloadermiddlewares.retry.RetryMiddleware',
 'scrapy.downloadermiddlewares.redirect.MetaRefreshMiddleware',
 'scrapy.downloadermiddlewares.httpcompression.HttpCompressionMiddleware',
 'scrapy.downloadermiddlewares.redirect.RedirectMiddleware',
 'scrapy.downloadermiddlewares.cookies.CookiesMiddleware',
 'scrapy.downloadermiddlewares.httpproxy.HttpProxyMiddleware',
 'scrapy.downloadermiddlewares.stats.DownloaderStats']
2017-11-03 08:54:28 [scrapy.middleware] INFO: Enabled spider middlewares:
['scrapy.spidermiddlewares.httperror.HttpErrorMiddleware',
 'scrapy.spidermiddlewares.offsite.OffsiteMiddleware',
 'scrapy.spidermiddlewares.referer.RefererMiddleware',
 'scrapy.spidermiddlewares.urllength.UrlLengthMiddleware',
 'scrapy.spidermiddlewares.depth.DepthMiddleware']
2017-11-03 08:54:28 [scrapy.middleware] INFO: Enabled item pipelines:
[]
2017-11-03 08:54:28 [scrapy.core.engine] INFO: Spider opened
2017-11-03 08:54:28 [scrapy.extensions.logstats] INFO: Crawled 0 pages (at 0 pages/min), scraped 0 items (at 0 items/min)
2017-11-03 08:54:28 [scrapy.extensions.telnet] DEBUG: Telnet console listening on 127.0.0.1:6023
2017-11-03 08:54:28 [scrapy.core.engine] DEBUG: Crawled (403) <GET https://movie.douban.com/chart> (referer: None)
2017-11-03 08:54:29 [scrapy.spidermiddlewares.httperror] INFO: Ignoring response <403 https://movie.douban.com/chart>: HTTP status code is not handled or not allowed
2017-11-03 08:54:29 [scrapy.core.engine] INFO: Closing spider (finished)
2017-11-03 08:54:29 [scrapy.statscollectors] INFO: Dumping Scrapy stats:
{'downloader/request_bytes': 219,
 'downloader/request_count': 1,
 'downloader/request_method_count/GET': 1,
 'downloader/response_bytes': 248,
 'downloader/response_count': 1,
 'downloader/response_status_count/403': 1,
 'finish_reason': 'finished',
 'finish_time': datetime.datetime(2017, 11, 3, 0, 54, 29, 25890),
 'httperror/response_ignored_count': 1,
 'httperror/response_ignored_status_count/403': 1,
 'log_count/DEBUG': 2,
 'log_count/INFO': 8,
 'memusage/max': 65261568,
 'memusage/startup': 65261568,
 'response_received_count': 1,
 'scheduler/dequeued': 1,
 'scheduler/dequeued/memory': 1,
 'scheduler/enqueued': 1,
 'scheduler/enqueued/memory': 1,
 'start_time': datetime.datetime(2017, 11, 3, 0, 54, 28, 583874)}
2017-11-03 08:54:29 [scrapy.core.engine] INFO: Spider closed (finished)
2017-11-03 08:54:49 [scrapy.utils.log] INFO: Scrapy 1.4.0 started (bot: douban_simple)
2017-11-03 08:54:49 [scrapy.utils.log] INFO: Overridden settings: {'BOT_NAME': 'douban_simple', 'LOG_FILE': 'scrapy.log', 'NEWSPIDER_MODULE': 'douban_simple.spiders', 'SPIDER_MODULES': ['douban_simple.spiders']}
2017-11-03 08:54:49 [scrapy.middleware] INFO: Enabled extensions:
['scrapy.extensions.corestats.CoreStats',
 'scrapy.extensions.telnet.TelnetConsole',
 'scrapy.extensions.memusage.MemoryUsage',
 'scrapy.extensions.logstats.LogStats']
2017-11-03 08:54:49 [scrapy.middleware] INFO: Enabled downloader middlewares:
['scrapy.downloadermiddlewares.httpauth.HttpAuthMiddleware',
 'scrapy.downloadermiddlewares.downloadtimeout.DownloadTimeoutMiddleware',
 'scrapy.downloadermiddlewares.defaultheaders.DefaultHeadersMiddleware',
 'scrapy.downloadermiddlewares.useragent.UserAgentMiddleware',
 'scrapy.downloadermiddlewares.retry.RetryMiddleware',
 'scrapy.downloadermiddlewares.redirect.MetaRefreshMiddleware',
 'scrapy.downloadermiddlewares.httpcompression.HttpCompressionMiddleware',
 'scrapy.downloadermiddlewares.redirect.RedirectMiddleware',
 'scrapy.downloadermiddlewares.cookies.CookiesMiddleware',
 'scrapy.downloadermiddlewares.httpproxy.HttpProxyMiddleware',
 'scrapy.downloadermiddlewares.stats.DownloaderStats']
2017-11-03 08:54:49 [scrapy.middleware] INFO: Enabled spider middlewares:
['scrapy.spidermiddlewares.httperror.HttpErrorMiddleware',
 'scrapy.spidermiddlewares.offsite.OffsiteMiddleware',
 'scrapy.spidermiddlewares.referer.RefererMiddleware',
 'scrapy.spidermiddlewares.urllength.UrlLengthMiddleware',
 'scrapy.spidermiddlewares.depth.DepthMiddleware']
2017-11-03 08:54:49 [scrapy.middleware] INFO: Enabled item pipelines:
[]
2017-11-03 08:54:49 [scrapy.core.engine] INFO: Spider opened
2017-11-03 08:54:49 [scrapy.extensions.logstats] INFO: Crawled 0 pages (at 0 pages/min), scraped 0 items (at 0 items/min)
2017-11-03 08:54:49 [scrapy.extensions.telnet] DEBUG: Telnet console listening on 127.0.0.1:6023
2017-11-03 08:54:50 [scrapy.core.engine] DEBUG: Crawled (403) <GET https://movie.douban.com/chart> (referer: None)
2017-11-03 08:54:50 [scrapy.core.engine] DEBUG: Crawled (200) <GET http://www.lihun66.com> (referer: None)
2017-11-03 08:54:50 [scrapy.spidermiddlewares.httperror] INFO: Ignoring response <403 https://movie.douban.com/chart>: HTTP status code is not handled or not allowed
2017-11-03 08:54:50 [scrapy.core.engine] INFO: Closing spider (finished)
2017-11-03 08:54:50 [scrapy.statscollectors] INFO: Dumping Scrapy stats:
{'downloader/request_bytes': 432,
 'downloader/request_count': 2,
 'downloader/request_method_count/GET': 2,
 'downloader/response_bytes': 12287,
 'downloader/response_count': 2,
 'downloader/response_status_count/200': 1,
 'downloader/response_status_count/403': 1,
 'finish_reason': 'finished',
 'finish_time': datetime.datetime(2017, 11, 3, 0, 54, 50, 170290),
 'httperror/response_ignored_count': 1,
 'httperror/response_ignored_status_count/403': 1,
 'log_count/DEBUG': 3,
 'log_count/INFO': 8,
 'memusage/max': 65683456,
 'memusage/startup': 65683456,
 'response_received_count': 2,
 'scheduler/dequeued': 2,
 'scheduler/dequeued/memory': 2,
 'scheduler/enqueued': 2,
 'scheduler/enqueued/memory': 2,
 'start_time': datetime.datetime(2017, 11, 3, 0, 54, 49, 715718)}
2017-11-03 08:54:50 [scrapy.core.engine] INFO: Spider closed (finished)
2017-11-03 08:55:31 [scrapy.utils.log] INFO: Scrapy 1.4.0 started (bot: douban_simple)
2017-11-03 08:55:31 [scrapy.utils.log] INFO: Overridden settings: {'BOT_NAME': 'douban_simple', 'LOG_FILE': 'scrapy.log', 'NEWSPIDER_MODULE': 'douban_simple.spiders', 'SPIDER_MODULES': ['douban_simple.spiders']}
2017-11-03 08:55:31 [scrapy.middleware] INFO: Enabled extensions:
['scrapy.extensions.corestats.CoreStats',
 'scrapy.extensions.telnet.TelnetConsole',
 'scrapy.extensions.memusage.MemoryUsage',
 'scrapy.extensions.logstats.LogStats']
2017-11-03 08:55:31 [scrapy.middleware] INFO: Enabled downloader middlewares:
['scrapy.downloadermiddlewares.httpauth.HttpAuthMiddleware',
 'scrapy.downloadermiddlewares.downloadtimeout.DownloadTimeoutMiddleware',
 'scrapy.downloadermiddlewares.defaultheaders.DefaultHeadersMiddleware',
 'scrapy.downloadermiddlewares.useragent.UserAgentMiddleware',
 'scrapy.downloadermiddlewares.retry.RetryMiddleware',
 'scrapy.downloadermiddlewares.redirect.MetaRefreshMiddleware',
 'scrapy.downloadermiddlewares.httpcompression.HttpCompressionMiddleware',
 'scrapy.downloadermiddlewares.redirect.RedirectMiddleware',
 'scrapy.downloadermiddlewares.cookies.CookiesMiddleware',
 'scrapy.downloadermiddlewares.httpproxy.HttpProxyMiddleware',
 'scrapy.downloadermiddlewares.stats.DownloaderStats']
2017-11-03 08:55:31 [scrapy.middleware] INFO: Enabled spider middlewares:
['scrapy.spidermiddlewares.httperror.HttpErrorMiddleware',
 'scrapy.spidermiddlewares.offsite.OffsiteMiddleware',
 'scrapy.spidermiddlewares.referer.RefererMiddleware',
 'scrapy.spidermiddlewares.urllength.UrlLengthMiddleware',
 'scrapy.spidermiddlewares.depth.DepthMiddleware']
2017-11-03 08:55:31 [scrapy.middleware] INFO: Enabled item pipelines:
[]
2017-11-03 08:55:31 [scrapy.core.engine] INFO: Spider opened
2017-11-03 08:55:31 [scrapy.extensions.logstats] INFO: Crawled 0 pages (at 0 pages/min), scraped 0 items (at 0 items/min)
2017-11-03 08:55:32 [scrapy.extensions.telnet] DEBUG: Telnet console listening on 127.0.0.1:6023
2017-11-03 08:55:32 [scrapy.core.engine] DEBUG: Crawled (200) <GET https://movie.douban.com/chart> (referer: https://accounts.douban.com/login?alias=*******略)
2017-11-03 08:55:32 [scrapy.core.engine] INFO: Closing spider (finished)
2017-11-03 08:55:32 [scrapy.statscollectors] INFO: Dumping Scrapy stats:
{'downloader/request_bytes': 524,
 'downloader/request_count': 1,
 'downloader/request_method_count/GET': 1,
 'downloader/response_bytes': 11763,
 'downloader/response_count': 1,
 'downloader/response_status_count/200': 1,
 'finish_reason': 'finished',
 'finish_time': datetime.datetime(2017, 11, 3, 0, 55, 32, 690675),
 'log_count/DEBUG': 2,
 'log_count/INFO': 7,
 'memusage/max': 65511424,
 'memusage/startup': 65511424,
 'response_received_count': 1,
 'scheduler/dequeued': 1,
 'scheduler/dequeued/memory': 1,
 'scheduler/enqueued': 1,
 'scheduler/enqueued/memory': 1,
 'start_time': datetime.datetime(2017, 11, 3, 0, 55, 31, 998322)}
2017-11-03 08:55:32 [scrapy.core.engine] INFO: Spider closed (finished)
2017-11-03 08:56:06 [scrapy.utils.log] INFO: Scrapy 1.4.0 started (bot: douban_simple)
2017-11-03 08:56:06 [scrapy.utils.log] INFO: Overridden settings: {'BOT_NAME': 'douban_simple', 'LOG_FILE': 'scrapy.log', 'NEWSPIDER_MODULE': 'douban_simple.spiders', 'SPIDER_MODULES': ['douban_simple.spiders']}
2017-11-03 08:56:06 [scrapy.middleware] INFO: Enabled extensions:
['scrapy.extensions.corestats.CoreStats',
 'scrapy.extensions.telnet.TelnetConsole',
 'scrapy.extensions.memusage.MemoryUsage',
 'scrapy.extensions.logstats.LogStats']
2017-11-03 08:56:06 [scrapy.middleware] INFO: Enabled downloader middlewares:
['scrapy.downloadermiddlewares.httpauth.HttpAuthMiddleware',
 'scrapy.downloadermiddlewares.downloadtimeout.DownloadTimeoutMiddleware',
 'scrapy.downloadermiddlewares.defaultheaders.DefaultHeadersMiddleware',
 'scrapy.downloadermiddlewares.useragent.UserAgentMiddleware',
 'scrapy.downloadermiddlewares.retry.RetryMiddleware',
 'scrapy.downloadermiddlewares.redirect.MetaRefreshMiddleware',
 'scrapy.downloadermiddlewares.httpcompression.HttpCompressionMiddleware',
 'scrapy.downloadermiddlewares.redirect.RedirectMiddleware',
 'scrapy.downloadermiddlewares.cookies.CookiesMiddleware',
 'scrapy.downloadermiddlewares.httpproxy.HttpProxyMiddleware',
 'scrapy.downloadermiddlewares.stats.DownloaderStats']
2017-11-03 08:56:06 [scrapy.middleware] INFO: Enabled spider middlewares:
['scrapy.spidermiddlewares.httperror.HttpErrorMiddleware',
 'scrapy.spidermiddlewares.offsite.OffsiteMiddleware',
 'scrapy.spidermiddlewares.referer.RefererMiddleware',
 'scrapy.spidermiddlewares.urllength.UrlLengthMiddleware',
 'scrapy.spidermiddlewares.depth.DepthMiddleware']
2017-11-03 08:56:06 [scrapy.middleware] INFO: Enabled item pipelines:
[]
2017-11-03 08:56:06 [scrapy.core.engine] INFO: Spider opened
2017-11-03 08:56:06 [scrapy.extensions.logstats] INFO: Crawled 0 pages (at 0 pages/min), scraped 0 items (at 0 items/min)
2017-11-03 08:56:06 [scrapy.extensions.telnet] DEBUG: Telnet console listening on 127.0.0.1:6023
2017-11-03 08:56:06 [scrapy.core.engine] DEBUG: Crawled (200) <GET https://movie.douban.com/chart> (referer: https://accounts.douban.com/login?alias=*******略)
2017-11-03 08:56:06 [scrapy.core.engine] INFO: Closing spider (finished)
2017-11-03 08:56:06 [scrapy.statscollectors] INFO: Dumping Scrapy stats:
{'downloader/request_bytes': 524,
 'downloader/request_count': 1,
 'downloader/request_method_count/GET': 1,
 'downloader/response_bytes': 11761,
 'downloader/response_count': 1,
 'downloader/response_status_count/200': 1,
 'finish_reason': 'finished',
 'finish_time': datetime.datetime(2017, 11, 3, 0, 56, 6, 920839),
 'log_count/DEBUG': 2,
 'log_count/INFO': 7,
 'memusage/max': 65798144,
 'memusage/startup': 65798144,
 'response_received_count': 1,
 'scheduler/dequeued': 1,
 'scheduler/dequeued/memory': 1,
 'scheduler/enqueued': 1,
 'scheduler/enqueued/memory': 1,
 'start_time': datetime.datetime(2017, 11, 3, 0, 56, 6, 315789)}
2017-11-03 08:56:06 [scrapy.core.engine] INFO: Spider closed (finished)
2017-11-03 09:04:49 [scrapy.utils.log] INFO: Scrapy 1.4.0 started (bot: douban_simple)
2017-11-03 09:04:49 [scrapy.utils.log] INFO: Overridden settings: {'BOT_NAME': 'douban_simple', 'LOG_FILE': 'scrapy.log', 'NEWSPIDER_MODULE': 'douban_simple.spiders', 'SPIDER_MODULES': ['douban_simple.spiders']}
2017-11-03 09:04:49 [scrapy.middleware] INFO: Enabled extensions:
['scrapy.extensions.corestats.CoreStats',
 'scrapy.extensions.telnet.TelnetConsole',
 'scrapy.extensions.memusage.MemoryUsage',
 'scrapy.extensions.logstats.LogStats']
2017-11-03 09:04:49 [scrapy.middleware] INFO: Enabled downloader middlewares:
['scrapy.downloadermiddlewares.httpauth.HttpAuthMiddleware',
 'scrapy.downloadermiddlewares.downloadtimeout.DownloadTimeoutMiddleware',
 'scrapy.downloadermiddlewares.defaultheaders.DefaultHeadersMiddleware',
 'scrapy.downloadermiddlewares.useragent.UserAgentMiddleware',
 'scrapy.downloadermiddlewares.retry.RetryMiddleware',
 'scrapy.downloadermiddlewares.redirect.MetaRefreshMiddleware',
 'scrapy.downloadermiddlewares.httpcompression.HttpCompressionMiddleware',
 'scrapy.downloadermiddlewares.redirect.RedirectMiddleware',
 'scrapy.downloadermiddlewares.cookies.CookiesMiddleware',
 'scrapy.downloadermiddlewares.httpproxy.HttpProxyMiddleware',
 'scrapy.downloadermiddlewares.stats.DownloaderStats']
2017-11-03 09:04:49 [scrapy.middleware] INFO: Enabled spider middlewares:
['scrapy.spidermiddlewares.httperror.HttpErrorMiddleware',
 'scrapy.spidermiddlewares.offsite.OffsiteMiddleware',
 'scrapy.spidermiddlewares.referer.RefererMiddleware',
 'scrapy.spidermiddlewares.urllength.UrlLengthMiddleware',
 'scrapy.spidermiddlewares.depth.DepthMiddleware']
2017-11-03 09:04:49 [scrapy.middleware] INFO: Enabled item pipelines:
[]
2017-11-03 09:04:49 [scrapy.core.engine] INFO: Spider opened
2017-11-03 09:04:49 [scrapy.extensions.logstats] INFO: Crawled 0 pages (at 0 pages/min), scraped 0 items (at 0 items/min)
2017-11-03 09:04:49 [scrapy.extensions.telnet] DEBUG: Telnet console listening on 127.0.0.1:6023
2017-11-03 09:04:50 [scrapy.core.engine] DEBUG: Crawled (200) <GET https://movie.douban.com/chart> (referer: https://accounts.douban.com/login?alias=*******略)
2017-11-03 09:04:50 [scrapy.core.engine] INFO: Closing spider (finished)
2017-11-03 09:04:50 [scrapy.statscollectors] INFO: Dumping Scrapy stats:
{'downloader/request_bytes': 524,
 'downloader/request_count': 1,
 'downloader/request_method_count/GET': 1,
 'downloader/response_bytes': 11761,
 'downloader/response_count': 1,
 'downloader/response_status_count/200': 1,
 'finish_reason': 'finished',
 'finish_time': datetime.datetime(2017, 11, 3, 1, 4, 50, 368733),
 'log_count/DEBUG': 2,
 'log_count/INFO': 7,
 'memusage/max': 65302528,
 'memusage/startup': 65302528,
 'response_received_count': 1,
 'scheduler/dequeued': 1,
 'scheduler/dequeued/memory': 1,
 'scheduler/enqueued': 1,
 'scheduler/enqueued/memory': 1,
 'start_time': datetime.datetime(2017, 11, 3, 1, 4, 49, 772214)}
2017-11-03 09:04:50 [scrapy.core.engine] INFO: Spider closed (finished)
2017-11-03 09:05:09 [scrapy.utils.log] INFO: Scrapy 1.4.0 started (bot: douban_simple)
2017-11-03 09:05:09 [scrapy.utils.log] INFO: Overridden settings: {'BOT_NAME': 'douban_simple', 'LOG_FILE': 'scrapy.log', 'NEWSPIDER_MODULE': 'douban_simple.spiders', 'SPIDER_MODULES': ['douban_simple.spiders']}
2017-11-03 09:05:09 [scrapy.middleware] INFO: Enabled extensions:
['scrapy.extensions.corestats.CoreStats',
 'scrapy.extensions.telnet.TelnetConsole',
 'scrapy.extensions.memusage.MemoryUsage',
 'scrapy.extensions.logstats.LogStats']
2017-11-03 09:05:09 [scrapy.middleware] INFO: Enabled downloader middlewares:
['scrapy.downloadermiddlewares.httpauth.HttpAuthMiddleware',
 'scrapy.downloadermiddlewares.downloadtimeout.DownloadTimeoutMiddleware',
 'scrapy.downloadermiddlewares.defaultheaders.DefaultHeadersMiddleware',
 'scrapy.downloadermiddlewares.useragent.UserAgentMiddleware',
 'scrapy.downloadermiddlewares.retry.RetryMiddleware',
 'scrapy.downloadermiddlewares.redirect.MetaRefreshMiddleware',
 'scrapy.downloadermiddlewares.httpcompression.HttpCompressionMiddleware',
 'scrapy.downloadermiddlewares.redirect.RedirectMiddleware',
 'scrapy.downloadermiddlewares.cookies.CookiesMiddleware',
 'scrapy.downloadermiddlewares.httpproxy.HttpProxyMiddleware',
 'scrapy.downloadermiddlewares.stats.DownloaderStats']
2017-11-03 09:05:09 [scrapy.middleware] INFO: Enabled spider middlewares:
['scrapy.spidermiddlewares.httperror.HttpErrorMiddleware',
 'scrapy.spidermiddlewares.offsite.OffsiteMiddleware',
 'scrapy.spidermiddlewares.referer.RefererMiddleware',
 'scrapy.spidermiddlewares.urllength.UrlLengthMiddleware',
 'scrapy.spidermiddlewares.depth.DepthMiddleware']
2017-11-03 09:05:09 [scrapy.middleware] INFO: Enabled item pipelines:
[]
2017-11-03 09:05:09 [scrapy.core.engine] INFO: Spider opened
2017-11-03 09:05:09 [scrapy.extensions.logstats] INFO: Crawled 0 pages (at 0 pages/min), scraped 0 items (at 0 items/min)
2017-11-03 09:05:09 [scrapy.extensions.telnet] DEBUG: Telnet console listening on 127.0.0.1:6023
2017-11-03 09:05:10 [scrapy.core.engine] DEBUG: Crawled (200) <GET https://movie.douban.com/chart> (referer: https://accounts.douban.com/login?alias=*******略)
2017-11-03 09:05:10 [scrapy.core.engine] INFO: Closing spider (finished)
2017-11-03 09:05:10 [scrapy.statscollectors] INFO: Dumping Scrapy stats:
{'downloader/request_bytes': 524,
 'downloader/request_count': 1,
 'downloader/request_method_count/GET': 1,
 'downloader/response_bytes': 11763,
 'downloader/response_count': 1,
 'downloader/response_status_count/200': 1,
 'finish_reason': 'finished',
 'finish_time': datetime.datetime(2017, 11, 3, 1, 5, 10, 247293),
 'log_count/DEBUG': 2,
 'log_count/INFO': 7,
 'memusage/max': 65355776,
 'memusage/startup': 65355776,
 'response_received_count': 1,
 'scheduler/dequeued': 1,
 'scheduler/dequeued/memory': 1,
 'scheduler/enqueued': 1,
 'scheduler/enqueued/memory': 1,
 'start_time': datetime.datetime(2017, 11, 3, 1, 5, 9, 280759)}
2017-11-03 09:05:10 [scrapy.core.engine] INFO: Spider closed (finished)
2017-11-03 09:12:20 [scrapy.utils.log] INFO: Scrapy 1.4.0 started (bot: douban_simple)
2017-11-03 09:12:20 [scrapy.utils.log] INFO: Overridden settings: {'BOT_NAME': 'douban_simple', 'LOG_FILE': 'scrapy.log', 'NEWSPIDER_MODULE': 'douban_simple.spiders', 'SPIDER_MODULES': ['douban_simple.spiders']}
2017-11-03 09:12:20 [scrapy.middleware] INFO: Enabled extensions:
['scrapy.extensions.corestats.CoreStats',
 'scrapy.extensions.telnet.TelnetConsole',
 'scrapy.extensions.memusage.MemoryUsage',
 'scrapy.extensions.logstats.LogStats']
2017-11-03 09:12:20 [scrapy.middleware] INFO: Enabled downloader middlewares:
['scrapy.downloadermiddlewares.httpauth.HttpAuthMiddleware',
 'scrapy.downloadermiddlewares.downloadtimeout.DownloadTimeoutMiddleware',
 'scrapy.downloadermiddlewares.defaultheaders.DefaultHeadersMiddleware',
 'scrapy.downloadermiddlewares.useragent.UserAgentMiddleware',
 'scrapy.downloadermiddlewares.retry.RetryMiddleware',
 'scrapy.downloadermiddlewares.redirect.MetaRefreshMiddleware',
 'scrapy.downloadermiddlewares.httpcompression.HttpCompressionMiddleware',
 'scrapy.downloadermiddlewares.redirect.RedirectMiddleware',
 'scrapy.downloadermiddlewares.cookies.CookiesMiddleware',
 'scrapy.downloadermiddlewares.httpproxy.HttpProxyMiddleware',
 'scrapy.downloadermiddlewares.stats.DownloaderStats']
2017-11-03 09:12:20 [scrapy.middleware] INFO: Enabled spider middlewares:
['scrapy.spidermiddlewares.httperror.HttpErrorMiddleware',
 'scrapy.spidermiddlewares.offsite.OffsiteMiddleware',
 'scrapy.spidermiddlewares.referer.RefererMiddleware',
 'scrapy.spidermiddlewares.urllength.UrlLengthMiddleware',
 'scrapy.spidermiddlewares.depth.DepthMiddleware']
2017-11-03 09:12:20 [scrapy.middleware] INFO: Enabled item pipelines:
[]
2017-11-03 09:12:20 [scrapy.core.engine] INFO: Spider opened
2017-11-03 09:12:20 [scrapy.extensions.logstats] INFO: Crawled 0 pages (at 0 pages/min), scraped 0 items (at 0 items/min)
2017-11-03 09:12:20 [scrapy.extensions.telnet] DEBUG: Telnet console listening on 127.0.0.1:6023
2017-11-03 09:12:20 [scrapy.core.engine] DEBUG: Crawled (200) <GET https://movie.douban.com/chart> (referer: https://accounts.douban.com/login?alias=*******略)
2017-11-03 09:12:21 [scrapy.core.engine] INFO: Closing spider (finished)
2017-11-03 09:12:21 [scrapy.statscollectors] INFO: Dumping Scrapy stats:
{'downloader/request_bytes': 524,
 'downloader/request_count': 1,
 'downloader/request_method_count/GET': 1,
 'downloader/response_bytes': 11731,
 'downloader/response_count': 1,
 'downloader/response_status_count/200': 1,
 'finish_reason': 'finished',
 'finish_time': datetime.datetime(2017, 11, 3, 1, 12, 21, 15686),
 'log_count/DEBUG': 2,
 'log_count/INFO': 7,
 'memusage/max': 65110016,
 'memusage/startup': 65110016,
 'response_received_count': 1,
 'scheduler/dequeued': 1,
 'scheduler/dequeued/memory': 1,
 'scheduler/enqueued': 1,
 'scheduler/enqueued/memory': 1,
 'start_time': datetime.datetime(2017, 11, 3, 1, 12, 20, 388826)}
2017-11-03 09:12:21 [scrapy.core.engine] INFO: Spider closed (finished)
2017-11-03 09:15:09 [scrapy.utils.log] INFO: Scrapy 1.4.0 started (bot: douban_simple)
2017-11-03 09:15:09 [scrapy.utils.log] INFO: Overridden settings: {'BOT_NAME': 'douban_simple', 'LOG_FILE': 'scrapy.log', 'NEWSPIDER_MODULE': 'douban_simple.spiders', 'SPIDER_MODULES': ['douban_simple.spiders']}
2017-11-03 09:15:09 [scrapy.middleware] INFO: Enabled extensions:
['scrapy.extensions.corestats.CoreStats',
 'scrapy.extensions.telnet.TelnetConsole',
 'scrapy.extensions.memusage.MemoryUsage',
 'scrapy.extensions.logstats.LogStats']
2017-11-03 09:15:09 [scrapy.middleware] INFO: Enabled downloader middlewares:
['scrapy.downloadermiddlewares.httpauth.HttpAuthMiddleware',
 'scrapy.downloadermiddlewares.downloadtimeout.DownloadTimeoutMiddleware',
 'scrapy.downloadermiddlewares.defaultheaders.DefaultHeadersMiddleware',
 'scrapy.downloadermiddlewares.useragent.UserAgentMiddleware',
 'scrapy.downloadermiddlewares.retry.RetryMiddleware',
 'scrapy.downloadermiddlewares.redirect.MetaRefreshMiddleware',
 'scrapy.downloadermiddlewares.httpcompression.HttpCompressionMiddleware',
 'scrapy.downloadermiddlewares.redirect.RedirectMiddleware',
 'scrapy.downloadermiddlewares.cookies.CookiesMiddleware',
 'scrapy.downloadermiddlewares.httpproxy.HttpProxyMiddleware',
 'scrapy.downloadermiddlewares.stats.DownloaderStats']
2017-11-03 09:15:09 [scrapy.middleware] INFO: Enabled spider middlewares:
['scrapy.spidermiddlewares.httperror.HttpErrorMiddleware',
 'scrapy.spidermiddlewares.offsite.OffsiteMiddleware',
 'scrapy.spidermiddlewares.referer.RefererMiddleware',
 'scrapy.spidermiddlewares.urllength.UrlLengthMiddleware',
 'scrapy.spidermiddlewares.depth.DepthMiddleware']
2017-11-03 09:15:09 [scrapy.middleware] INFO: Enabled item pipelines:
[]
2017-11-03 09:15:09 [scrapy.core.engine] INFO: Spider opened
2017-11-03 09:15:09 [scrapy.extensions.logstats] INFO: Crawled 0 pages (at 0 pages/min), scraped 0 items (at 0 items/min)
2017-11-03 09:15:09 [scrapy.extensions.telnet] DEBUG: Telnet console listening on 127.0.0.1:6023
2017-11-03 09:15:09 [scrapy.core.engine] DEBUG: Crawled (200) <GET https://movie.douban.com/chart> (referer: https://accounts.douban.com/login?alias=*******略)
2017-11-03 09:15:09 [scrapy.core.scraper] DEBUG: Scraped from <200 https://movie.douban.com/chart>
{'movie_name': '小丑回魂 / 它(台) / It: Chapter One',
 'movie_star': '7.6',
 'movie_url': 'https://movie.douban.com/subject/3604148/'}
2017-11-03 09:15:09 [scrapy.core.scraper] DEBUG: Scraped from <200 https://movie.douban.com/chart>
{'movie_name': '忌日快乐 / 死日快乐 / 吓到半死',
 'movie_star': '7.3',
 'movie_url': 'https://movie.douban.com/subject/27027913/'}
2017-11-03 09:15:09 [scrapy.core.scraper] DEBUG: Scraped from <200 https://movie.douban.com/chart>
{'movie_name': '极寒之城 / 极冻之城(台) / 原子杀姬(港)',
 'movie_star': '7.2',
 'movie_url': 'https://movie.douban.com/subject/26386034/'}
2017-11-03 09:15:09 [scrapy.core.scraper] DEBUG: Scraped from <200 https://movie.douban.com/chart>
{'movie_name': '杀破狼·贪狼 / Paradox',
 'movie_star': '7.2',
 'movie_url': 'https://movie.douban.com/subject/26826398/'}
2017-11-03 09:15:09 [scrapy.core.scraper] DEBUG: Scraped from <200 https://movie.douban.com/chart>
{'movie_name': '猩球崛起3：终极之战 / 猩球崛起：终极决战(台) / 猿人争霸战：猩凶巨战(港)',
 'movie_star': '6.9',
 'movie_url': 'https://movie.douban.com/subject/25808075/'}
2017-11-03 09:15:09 [scrapy.core.scraper] DEBUG: Scraped from <200 https://movie.douban.com/chart>
{'movie_name': '美国行动 / 美国制造 / 梅纳',
 'movie_star': '7.6',
 'movie_url': 'https://movie.douban.com/subject/26304310/'}
2017-11-03 09:15:09 [scrapy.core.scraper] DEBUG: Scraped from <200 https://movie.douban.com/chart>
{'movie_name': '小戏骨：红楼梦之刘姥姥进大观园 / 小戏骨之刘姥姥进大观园 / 红楼梦之刘姥姥进大观园',
 'movie_star': '9.2',
 'movie_url': 'https://movie.douban.com/subject/26951951/'}
2017-11-03 09:15:09 [scrapy.core.scraper] DEBUG: Scraped from <200 https://movie.douban.com/chart>
{'movie_name': '大护法 / 大护法之黑花生',
 'movie_star': '7.8',
 'movie_url': 'https://movie.douban.com/subject/26811587/'}
2017-11-03 09:15:09 [scrapy.core.scraper] DEBUG: Scraped from <200 https://movie.douban.com/chart>
{'movie_name': '我能说 / 花漾奶奶秀英文(港) / I Can Speak',
 'movie_star': '8.7',
 'movie_url': 'https://movie.douban.com/subject/27000061/'}
2017-11-03 09:15:09 [scrapy.core.scraper] DEBUG: Scraped from <200 https://movie.douban.com/chart>
{'movie_name': '猎凶风河谷 / 风河谷谋杀案(港) / 极地追击(台)',
 'movie_star': '7.7',
 'movie_url': 'https://movie.douban.com/subject/26389601/'}
2017-11-03 09:15:09 [scrapy.core.engine] INFO: Closing spider (finished)
2017-11-03 09:15:09 [scrapy.statscollectors] INFO: Dumping Scrapy stats:
{'downloader/request_bytes': 524,
 'downloader/request_count': 1,
 'downloader/request_method_count/GET': 1,
 'downloader/response_bytes': 11731,
 'downloader/response_count': 1,
 'downloader/response_status_count/200': 1,
 'finish_reason': 'finished',
 'finish_time': datetime.datetime(2017, 11, 3, 1, 15, 9, 982406),
 'item_scraped_count': 10,
 'log_count/DEBUG': 12,
 'log_count/INFO': 7,
 'memusage/max': 65605632,
 'memusage/startup': 65605632,
 'response_received_count': 1,
 'scheduler/dequeued': 1,
 'scheduler/dequeued/memory': 1,
 'scheduler/enqueued': 1,
 'scheduler/enqueued/memory': 1,
 'start_time': datetime.datetime(2017, 11, 3, 1, 15, 9, 400761)}
2017-11-03 09:15:09 [scrapy.core.engine] INFO: Spider closed (finished)
2017-11-03 09:17:31 [scrapy.utils.log] INFO: Scrapy 1.4.0 started (bot: douban_simple)
2017-11-03 09:17:31 [scrapy.utils.log] INFO: Overridden settings: {'BOT_NAME': 'douban_simple', 'LOG_FILE': 'scrapy.log', 'NEWSPIDER_MODULE': 'douban_simple.spiders', 'SPIDER_MODULES': ['douban_simple.spiders']}
2017-11-03 09:17:31 [scrapy.middleware] INFO: Enabled extensions:
['scrapy.extensions.corestats.CoreStats',
 'scrapy.extensions.telnet.TelnetConsole',
 'scrapy.extensions.memusage.MemoryUsage',
 'scrapy.extensions.logstats.LogStats']
2017-11-03 09:17:31 [scrapy.middleware] INFO: Enabled downloader middlewares:
['scrapy.downloadermiddlewares.httpauth.HttpAuthMiddleware',
 'scrapy.downloadermiddlewares.downloadtimeout.DownloadTimeoutMiddleware',
 'scrapy.downloadermiddlewares.defaultheaders.DefaultHeadersMiddleware',
 'scrapy.downloadermiddlewares.useragent.UserAgentMiddleware',
 'scrapy.downloadermiddlewares.retry.RetryMiddleware',
 'scrapy.downloadermiddlewares.redirect.MetaRefreshMiddleware',
 'scrapy.downloadermiddlewares.httpcompression.HttpCompressionMiddleware',
 'scrapy.downloadermiddlewares.redirect.RedirectMiddleware',
 'scrapy.downloadermiddlewares.cookies.CookiesMiddleware',
 'scrapy.downloadermiddlewares.httpproxy.HttpProxyMiddleware',
 'scrapy.downloadermiddlewares.stats.DownloaderStats']
2017-11-03 09:17:31 [scrapy.middleware] INFO: Enabled spider middlewares:
['scrapy.spidermiddlewares.httperror.HttpErrorMiddleware',
 'scrapy.spidermiddlewares.offsite.OffsiteMiddleware',
 'scrapy.spidermiddlewares.referer.RefererMiddleware',
 'scrapy.spidermiddlewares.urllength.UrlLengthMiddleware',
 'scrapy.spidermiddlewares.depth.DepthMiddleware']
2017-11-03 09:17:31 [scrapy.middleware] INFO: Enabled item pipelines:
[]
2017-11-03 09:17:31 [scrapy.core.engine] INFO: Spider opened
2017-11-03 09:17:31 [scrapy.extensions.logstats] INFO: Crawled 0 pages (at 0 pages/min), scraped 0 items (at 0 items/min)
2017-11-03 09:17:31 [scrapy.extensions.telnet] DEBUG: Telnet console listening on 127.0.0.1:6023
2017-11-03 09:18:06 [scrapy.downloadermiddlewares.retry] DEBUG: Retrying <GET https://movie.douban.com/chart> (failed 1 times): [<twisted.python.failure.Failure twisted.internet.error.ConnectionLost: Connection to the other side was lost in a non-clean fashion: Connection lost.>]
2017-11-03 09:18:27 [scrapy.crawler] INFO: Received SIG_UNBLOCK, shutting down gracefully. Send again to force 
2017-11-03 09:18:27 [scrapy.core.engine] INFO: Closing spider (shutdown)
2017-11-03 09:18:55 [scrapy.utils.log] INFO: Scrapy 1.4.0 started (bot: douban_simple)
2017-11-03 09:18:55 [scrapy.utils.log] INFO: Overridden settings: {'BOT_NAME': 'douban_simple', 'LOG_FILE': 'scrapy.log', 'NEWSPIDER_MODULE': 'douban_simple.spiders', 'SPIDER_MODULES': ['douban_simple.spiders']}
2017-11-03 09:18:55 [scrapy.middleware] INFO: Enabled extensions:
['scrapy.extensions.corestats.CoreStats',
 'scrapy.extensions.telnet.TelnetConsole',
 'scrapy.extensions.memusage.MemoryUsage',
 'scrapy.extensions.logstats.LogStats']
2017-11-03 09:18:56 [scrapy.middleware] INFO: Enabled downloader middlewares:
['scrapy.downloadermiddlewares.httpauth.HttpAuthMiddleware',
 'scrapy.downloadermiddlewares.downloadtimeout.DownloadTimeoutMiddleware',
 'scrapy.downloadermiddlewares.defaultheaders.DefaultHeadersMiddleware',
 'scrapy.downloadermiddlewares.useragent.UserAgentMiddleware',
 'scrapy.downloadermiddlewares.retry.RetryMiddleware',
 'scrapy.downloadermiddlewares.redirect.MetaRefreshMiddleware',
 'scrapy.downloadermiddlewares.httpcompression.HttpCompressionMiddleware',
 'scrapy.downloadermiddlewares.redirect.RedirectMiddleware',
 'scrapy.downloadermiddlewares.cookies.CookiesMiddleware',
 'scrapy.downloadermiddlewares.httpproxy.HttpProxyMiddleware',
 'scrapy.downloadermiddlewares.stats.DownloaderStats']
2017-11-03 09:18:56 [scrapy.middleware] INFO: Enabled spider middlewares:
['scrapy.spidermiddlewares.httperror.HttpErrorMiddleware',
 'scrapy.spidermiddlewares.offsite.OffsiteMiddleware',
 'scrapy.spidermiddlewares.referer.RefererMiddleware',
 'scrapy.spidermiddlewares.urllength.UrlLengthMiddleware',
 'scrapy.spidermiddlewares.depth.DepthMiddleware']
2017-11-03 09:18:56 [scrapy.middleware] INFO: Enabled item pipelines:
[]
2017-11-03 09:18:56 [scrapy.core.engine] INFO: Spider opened
2017-11-03 09:18:56 [scrapy.extensions.logstats] INFO: Crawled 0 pages (at 0 pages/min), scraped 0 items (at 0 items/min)
2017-11-03 09:18:56 [scrapy.extensions.telnet] DEBUG: Telnet console listening on 127.0.0.1:6023
2017-11-03 09:19:02 [scrapy.crawler] INFO: Received SIG_UNBLOCK, shutting down gracefully. Send again to force 
2017-11-03 09:19:02 [scrapy.core.engine] INFO: Closing spider (shutdown)
2017-11-03 09:20:19 [scrapy.utils.log] INFO: Scrapy 1.4.0 started (bot: douban_simple)
2017-11-03 09:20:19 [scrapy.utils.log] INFO: Overridden settings: {'BOT_NAME': 'douban_simple', 'LOG_FILE': 'scrapy.log', 'NEWSPIDER_MODULE': 'douban_simple.spiders', 'SPIDER_MODULES': ['douban_simple.spiders']}
2017-11-03 09:20:19 [scrapy.middleware] INFO: Enabled extensions:
['scrapy.extensions.corestats.CoreStats',
 'scrapy.extensions.telnet.TelnetConsole',
 'scrapy.extensions.memusage.MemoryUsage',
 'scrapy.extensions.logstats.LogStats']
2017-11-03 09:20:19 [scrapy.middleware] INFO: Enabled downloader middlewares:
['scrapy.downloadermiddlewares.httpauth.HttpAuthMiddleware',
 'scrapy.downloadermiddlewares.downloadtimeout.DownloadTimeoutMiddleware',
 'scrapy.downloadermiddlewares.defaultheaders.DefaultHeadersMiddleware',
 'scrapy.downloadermiddlewares.useragent.UserAgentMiddleware',
 'scrapy.downloadermiddlewares.retry.RetryMiddleware',
 'scrapy.downloadermiddlewares.redirect.MetaRefreshMiddleware',
 'scrapy.downloadermiddlewares.httpcompression.HttpCompressionMiddleware',
 'scrapy.downloadermiddlewares.redirect.RedirectMiddleware',
 'scrapy.downloadermiddlewares.cookies.CookiesMiddleware',
 'scrapy.downloadermiddlewares.httpproxy.HttpProxyMiddleware',
 'scrapy.downloadermiddlewares.stats.DownloaderStats']
2017-11-03 09:20:19 [scrapy.middleware] INFO: Enabled spider middlewares:
['scrapy.spidermiddlewares.httperror.HttpErrorMiddleware',
 'scrapy.spidermiddlewares.offsite.OffsiteMiddleware',
 'scrapy.spidermiddlewares.referer.RefererMiddleware',
 'scrapy.spidermiddlewares.urllength.UrlLengthMiddleware',
 'scrapy.spidermiddlewares.depth.DepthMiddleware']
2017-11-03 09:20:19 [scrapy.middleware] INFO: Enabled item pipelines:
[]
2017-11-03 09:20:19 [scrapy.core.engine] INFO: Spider opened
2017-11-03 09:20:19 [scrapy.extensions.logstats] INFO: Crawled 0 pages (at 0 pages/min), scraped 0 items (at 0 items/min)
2017-11-03 09:20:19 [scrapy.extensions.telnet] DEBUG: Telnet console listening on 127.0.0.1:6023
2017-11-03 09:20:26 [scrapy.core.engine] DEBUG: Crawled (200) <GET https://movie.douban.com/chart> (referer: https://accounts.douban.com/login?alias=*******略)
2017-11-03 09:20:27 [scrapy.core.scraper] DEBUG: Scraped from <200 https://movie.douban.com/chart>
{'movie_name': '小丑回魂 / 它(台) / It: Chapter One',
 'movie_star': '7.6',
 'movie_url': 'https://movie.douban.com/subject/3604148/'}
2017-11-03 09:20:27 [scrapy.core.scraper] DEBUG: Scraped from <200 https://movie.douban.com/chart>
{'movie_name': '忌日快乐 / 死日快乐 / 吓到半死',
 'movie_star': '7.3',
 'movie_url': 'https://movie.douban.com/subject/27027913/'}
2017-11-03 09:20:27 [scrapy.core.scraper] DEBUG: Scraped from <200 https://movie.douban.com/chart>
{'movie_name': '极寒之城 / 极冻之城(台) / 原子杀姬(港)',
 'movie_star': '7.2',
 'movie_url': 'https://movie.douban.com/subject/26386034/'}
2017-11-03 09:20:27 [scrapy.core.scraper] DEBUG: Scraped from <200 https://movie.douban.com/chart>
{'movie_name': '杀破狼·贪狼 / Paradox',
 'movie_star': '7.2',
 'movie_url': 'https://movie.douban.com/subject/26826398/'}
2017-11-03 09:20:27 [scrapy.core.scraper] DEBUG: Scraped from <200 https://movie.douban.com/chart>
{'movie_name': '猩球崛起3：终极之战 / 猩球崛起：终极决战(台) / 猿人争霸战：猩凶巨战(港)',
 'movie_star': '6.9',
 'movie_url': 'https://movie.douban.com/subject/25808075/'}
2017-11-03 09:20:27 [scrapy.core.scraper] DEBUG: Scraped from <200 https://movie.douban.com/chart>
{'movie_name': '美国行动 / 美国制造 / 梅纳',
 'movie_star': '7.6',
 'movie_url': 'https://movie.douban.com/subject/26304310/'}
2017-11-03 09:20:27 [scrapy.core.scraper] DEBUG: Scraped from <200 https://movie.douban.com/chart>
{'movie_name': '小戏骨：红楼梦之刘姥姥进大观园 / 小戏骨之刘姥姥进大观园 / 红楼梦之刘姥姥进大观园',
 'movie_star': '9.2',
 'movie_url': 'https://movie.douban.com/subject/26951951/'}
2017-11-03 09:20:27 [scrapy.core.scraper] DEBUG: Scraped from <200 https://movie.douban.com/chart>
{'movie_name': '大护法 / 大护法之黑花生',
 'movie_star': '7.8',
 'movie_url': 'https://movie.douban.com/subject/26811587/'}
2017-11-03 09:20:27 [scrapy.core.scraper] DEBUG: Scraped from <200 https://movie.douban.com/chart>
{'movie_name': '我能说 / 花漾奶奶秀英文(港) / I Can Speak',
 'movie_star': '8.7',
 'movie_url': 'https://movie.douban.com/subject/27000061/'}
2017-11-03 09:20:27 [scrapy.core.scraper] DEBUG: Scraped from <200 https://movie.douban.com/chart>
{'movie_name': '猎凶风河谷 / 风河谷谋杀案(港) / 极地追击(台)',
 'movie_star': '7.7',
 'movie_url': 'https://movie.douban.com/subject/26389601/'}
2017-11-03 09:20:27 [scrapy.core.engine] INFO: Closing spider (finished)
2017-11-03 09:20:27 [scrapy.statscollectors] INFO: Dumping Scrapy stats:
{'downloader/request_bytes': 524,
 'downloader/request_count': 1,
 'downloader/request_method_count/GET': 1,
 'downloader/response_bytes': 11732,
 'downloader/response_count': 1,
 'downloader/response_status_count/200': 1,
 'finish_reason': 'finished',
 'finish_time': datetime.datetime(2017, 11, 3, 1, 20, 27, 41697),
 'item_scraped_count': 10,
 'log_count/DEBUG': 12,
 'log_count/INFO': 7,
 'memusage/max': 65454080,
 'memusage/startup': 65454080,
 'response_received_count': 1,
 'scheduler/dequeued': 1,
 'scheduler/dequeued/memory': 1,
 'scheduler/enqueued': 1,
 'scheduler/enqueued/memory': 1,
 'start_time': datetime.datetime(2017, 11, 3, 1, 20, 19, 978071)}
2017-11-03 09:20:27 [scrapy.core.engine] INFO: Spider closed (finished)
2017-11-03 09:21:34 [scrapy.utils.log] INFO: Scrapy 1.4.0 started (bot: douban_simple)
2017-11-03 09:21:34 [scrapy.utils.log] INFO: Overridden settings: {'BOT_NAME': 'douban_simple', 'LOG_FILE': 'scrapy.log', 'NEWSPIDER_MODULE': 'douban_simple.spiders', 'SPIDER_MODULES': ['douban_simple.spiders']}
2017-11-03 09:21:34 [scrapy.middleware] INFO: Enabled extensions:
['scrapy.extensions.corestats.CoreStats',
 'scrapy.extensions.telnet.TelnetConsole',
 'scrapy.extensions.memusage.MemoryUsage',
 'scrapy.extensions.logstats.LogStats']
2017-11-03 09:21:34 [scrapy.middleware] INFO: Enabled downloader middlewares:
['scrapy.downloadermiddlewares.httpauth.HttpAuthMiddleware',
 'scrapy.downloadermiddlewares.downloadtimeout.DownloadTimeoutMiddleware',
 'scrapy.downloadermiddlewares.defaultheaders.DefaultHeadersMiddleware',
 'scrapy.downloadermiddlewares.useragent.UserAgentMiddleware',
 'scrapy.downloadermiddlewares.retry.RetryMiddleware',
 'scrapy.downloadermiddlewares.redirect.MetaRefreshMiddleware',
 'scrapy.downloadermiddlewares.httpcompression.HttpCompressionMiddleware',
 'scrapy.downloadermiddlewares.redirect.RedirectMiddleware',
 'scrapy.downloadermiddlewares.cookies.CookiesMiddleware',
 'scrapy.downloadermiddlewares.httpproxy.HttpProxyMiddleware',
 'scrapy.downloadermiddlewares.stats.DownloaderStats']
2017-11-03 09:21:34 [scrapy.middleware] INFO: Enabled spider middlewares:
['scrapy.spidermiddlewares.httperror.HttpErrorMiddleware',
 'scrapy.spidermiddlewares.offsite.OffsiteMiddleware',
 'scrapy.spidermiddlewares.referer.RefererMiddleware',
 'scrapy.spidermiddlewares.urllength.UrlLengthMiddleware',
 'scrapy.spidermiddlewares.depth.DepthMiddleware']
2017-11-03 09:21:34 [scrapy.middleware] INFO: Enabled item pipelines:
[]
2017-11-03 09:21:34 [scrapy.core.engine] INFO: Spider opened
2017-11-03 09:21:34 [scrapy.extensions.logstats] INFO: Crawled 0 pages (at 0 pages/min), scraped 0 items (at 0 items/min)
2017-11-03 09:21:34 [scrapy.extensions.telnet] DEBUG: Telnet console listening on 127.0.0.1:6023
2017-11-03 09:21:36 [scrapy.core.engine] DEBUG: Crawled (200) <GET https://movie.douban.com/chart> (referer: https://accounts.douban.com/login?alias=*******略)
2017-11-03 09:21:36 [scrapy.core.scraper] DEBUG: Scraped from <200 https://movie.douban.com/chart>
{'movie_name': '小丑回魂 / 它(台) / It: Chapter One',
 'movie_star': '7.6',
 'movie_url': 'https://movie.douban.com/subject/3604148/'}
2017-11-03 09:21:36 [scrapy.core.scraper] DEBUG: Scraped from <200 https://movie.douban.com/chart>
{'movie_name': '忌日快乐 / 死日快乐 / 吓到半死',
 'movie_star': '7.3',
 'movie_url': 'https://movie.douban.com/subject/27027913/'}
2017-11-03 09:21:36 [scrapy.core.scraper] DEBUG: Scraped from <200 https://movie.douban.com/chart>
{'movie_name': '极寒之城 / 极冻之城(台) / 原子杀姬(港)',
 'movie_star': '7.2',
 'movie_url': 'https://movie.douban.com/subject/26386034/'}
2017-11-03 09:21:36 [scrapy.core.scraper] DEBUG: Scraped from <200 https://movie.douban.com/chart>
{'movie_name': '杀破狼·贪狼 / Paradox',
 'movie_star': '7.2',
 'movie_url': 'https://movie.douban.com/subject/26826398/'}
2017-11-03 09:21:36 [scrapy.core.scraper] DEBUG: Scraped from <200 https://movie.douban.com/chart>
{'movie_name': '猩球崛起3：终极之战 / 猩球崛起：终极决战(台) / 猿人争霸战：猩凶巨战(港)',
 'movie_star': '6.9',
 'movie_url': 'https://movie.douban.com/subject/25808075/'}
2017-11-03 09:21:36 [scrapy.core.scraper] DEBUG: Scraped from <200 https://movie.douban.com/chart>
{'movie_name': '美国行动 / 美国制造 / 梅纳',
 'movie_star': '7.6',
 'movie_url': 'https://movie.douban.com/subject/26304310/'}
2017-11-03 09:21:36 [scrapy.core.scraper] DEBUG: Scraped from <200 https://movie.douban.com/chart>
{'movie_name': '小戏骨：红楼梦之刘姥姥进大观园 / 小戏骨之刘姥姥进大观园 / 红楼梦之刘姥姥进大观园',
 'movie_star': '9.2',
 'movie_url': 'https://movie.douban.com/subject/26951951/'}
2017-11-03 09:21:36 [scrapy.core.scraper] DEBUG: Scraped from <200 https://movie.douban.com/chart>
{'movie_name': '大护法 / 大护法之黑花生',
 'movie_star': '7.8',
 'movie_url': 'https://movie.douban.com/subject/26811587/'}
2017-11-03 09:21:36 [scrapy.core.scraper] DEBUG: Scraped from <200 https://movie.douban.com/chart>
{'movie_name': '我能说 / 花漾奶奶秀英文(港) / I Can Speak',
 'movie_star': '8.7',
 'movie_url': 'https://movie.douban.com/subject/27000061/'}
2017-11-03 09:21:36 [scrapy.core.scraper] DEBUG: Scraped from <200 https://movie.douban.com/chart>
{'movie_name': '猎凶风河谷 / 风河谷谋杀案(港) / 极地追击(台)',
 'movie_star': '7.7',
 'movie_url': 'https://movie.douban.com/subject/26389601/'}
2017-11-03 09:21:36 [scrapy.core.engine] INFO: Closing spider (finished)
2017-11-03 09:21:36 [scrapy.statscollectors] INFO: Dumping Scrapy stats:
{'downloader/request_bytes': 524,
 'downloader/request_count': 1,
 'downloader/request_method_count/GET': 1,
 'downloader/response_bytes': 11733,
 'downloader/response_count': 1,
 'downloader/response_status_count/200': 1,
 'finish_reason': 'finished',
 'finish_time': datetime.datetime(2017, 11, 3, 1, 21, 36, 987730),
 'item_scraped_count': 10,
 'log_count/DEBUG': 12,
 'log_count/INFO': 7,
 'memusage/max': 65249280,
 'memusage/startup': 65249280,
 'response_received_count': 1,
 'scheduler/dequeued': 1,
 'scheduler/dequeued/memory': 1,
 'scheduler/enqueued': 1,
 'scheduler/enqueued/memory': 1,
 'start_time': datetime.datetime(2017, 11, 3, 1, 21, 34, 358708)}
2017-11-03 09:21:36 [scrapy.core.engine] INFO: Spider closed (finished)
2017-11-03 09:25:07 [scrapy.utils.log] INFO: Scrapy 1.4.0 started (bot: douban_simple)
2017-11-03 09:25:07 [scrapy.utils.log] INFO: Overridden settings: {'BOT_NAME': 'douban_simple', 'LOG_FILE': 'scrapy.log', 'NEWSPIDER_MODULE': 'douban_simple.spiders', 'SPIDER_MODULES': ['douban_simple.spiders']}
2017-11-03 09:25:08 [scrapy.middleware] INFO: Enabled extensions:
['scrapy.extensions.corestats.CoreStats',
 'scrapy.extensions.telnet.TelnetConsole',
 'scrapy.extensions.memusage.MemoryUsage',
 'scrapy.extensions.logstats.LogStats']
2017-11-03 09:25:08 [scrapy.middleware] INFO: Enabled downloader middlewares:
['scrapy.downloadermiddlewares.httpauth.HttpAuthMiddleware',
 'scrapy.downloadermiddlewares.downloadtimeout.DownloadTimeoutMiddleware',
 'scrapy.downloadermiddlewares.defaultheaders.DefaultHeadersMiddleware',
 'scrapy.downloadermiddlewares.useragent.UserAgentMiddleware',
 'scrapy.downloadermiddlewares.retry.RetryMiddleware',
 'scrapy.downloadermiddlewares.redirect.MetaRefreshMiddleware',
 'scrapy.downloadermiddlewares.httpcompression.HttpCompressionMiddleware',
 'scrapy.downloadermiddlewares.redirect.RedirectMiddleware',
 'scrapy.downloadermiddlewares.cookies.CookiesMiddleware',
 'scrapy.downloadermiddlewares.httpproxy.HttpProxyMiddleware',
 'scrapy.downloadermiddlewares.stats.DownloaderStats']
2017-11-03 09:25:08 [scrapy.middleware] INFO: Enabled spider middlewares:
['scrapy.spidermiddlewares.httperror.HttpErrorMiddleware',
 'scrapy.spidermiddlewares.offsite.OffsiteMiddleware',
 'scrapy.spidermiddlewares.referer.RefererMiddleware',
 'scrapy.spidermiddlewares.urllength.UrlLengthMiddleware',
 'scrapy.spidermiddlewares.depth.DepthMiddleware']
2017-11-03 09:25:08 [scrapy.middleware] INFO: Enabled item pipelines:
[]
2017-11-03 09:25:08 [scrapy.core.engine] INFO: Spider opened
2017-11-03 09:25:08 [scrapy.extensions.logstats] INFO: Crawled 0 pages (at 0 pages/min), scraped 0 items (at 0 items/min)
2017-11-03 09:25:08 [scrapy.extensions.telnet] DEBUG: Telnet console listening on 127.0.0.1:6023
2017-11-03 09:25:08 [scrapy.core.engine] DEBUG: Crawled (403) <GET https://movie.douban.com/chart> (referer: None)
2017-11-03 09:25:08 [scrapy.spidermiddlewares.httperror] INFO: Ignoring response <403 https://movie.douban.com/chart>: HTTP status code is not handled or not allowed
2017-11-03 09:25:08 [scrapy.core.engine] INFO: Closing spider (finished)
2017-11-03 09:25:08 [scrapy.statscollectors] INFO: Dumping Scrapy stats:
{'downloader/request_bytes': 219,
 'downloader/request_count': 1,
 'downloader/request_method_count/GET': 1,
 'downloader/response_bytes': 248,
 'downloader/response_count': 1,
 'downloader/response_status_count/403': 1,
 'finish_reason': 'finished',
 'finish_time': datetime.datetime(2017, 11, 3, 1, 25, 8, 621811),
 'httperror/response_ignored_count': 1,
 'httperror/response_ignored_status_count/403': 1,
 'log_count/DEBUG': 2,
 'log_count/INFO': 8,
 'memusage/max': 65155072,
 'memusage/startup': 65155072,
 'response_received_count': 1,
 'scheduler/dequeued': 1,
 'scheduler/dequeued/memory': 1,
 'scheduler/enqueued': 1,
 'scheduler/enqueued/memory': 1,
 'start_time': datetime.datetime(2017, 11, 3, 1, 25, 8, 114437)}
2017-11-03 09:25:08 [scrapy.core.engine] INFO: Spider closed (finished)
2017-11-03 09:25:27 [scrapy.utils.log] INFO: Scrapy 1.4.0 started (bot: douban_simple)
2017-11-03 09:25:27 [scrapy.utils.log] INFO: Overridden settings: {'BOT_NAME': 'douban_simple', 'LOG_FILE': 'scrapy.log', 'NEWSPIDER_MODULE': 'douban_simple.spiders', 'SPIDER_MODULES': ['douban_simple.spiders']}
2017-11-03 09:25:27 [scrapy.middleware] INFO: Enabled extensions:
['scrapy.extensions.corestats.CoreStats',
 'scrapy.extensions.telnet.TelnetConsole',
 'scrapy.extensions.memusage.MemoryUsage',
 'scrapy.extensions.logstats.LogStats']
2017-11-03 09:25:27 [scrapy.middleware] INFO: Enabled downloader middlewares:
['scrapy.downloadermiddlewares.httpauth.HttpAuthMiddleware',
 'scrapy.downloadermiddlewares.downloadtimeout.DownloadTimeoutMiddleware',
 'scrapy.downloadermiddlewares.defaultheaders.DefaultHeadersMiddleware',
 'scrapy.downloadermiddlewares.useragent.UserAgentMiddleware',
 'scrapy.downloadermiddlewares.retry.RetryMiddleware',
 'scrapy.downloadermiddlewares.redirect.MetaRefreshMiddleware',
 'scrapy.downloadermiddlewares.httpcompression.HttpCompressionMiddleware',
 'scrapy.downloadermiddlewares.redirect.RedirectMiddleware',
 'scrapy.downloadermiddlewares.cookies.CookiesMiddleware',
 'scrapy.downloadermiddlewares.httpproxy.HttpProxyMiddleware',
 'scrapy.downloadermiddlewares.stats.DownloaderStats']
2017-11-03 09:25:27 [scrapy.middleware] INFO: Enabled spider middlewares:
['scrapy.spidermiddlewares.httperror.HttpErrorMiddleware',
 'scrapy.spidermiddlewares.offsite.OffsiteMiddleware',
 'scrapy.spidermiddlewares.referer.RefererMiddleware',
 'scrapy.spidermiddlewares.urllength.UrlLengthMiddleware',
 'scrapy.spidermiddlewares.depth.DepthMiddleware']
2017-11-03 09:25:27 [scrapy.middleware] INFO: Enabled item pipelines:
[]
2017-11-03 09:25:27 [scrapy.core.engine] INFO: Spider opened
2017-11-03 09:25:27 [scrapy.extensions.logstats] INFO: Crawled 0 pages (at 0 pages/min), scraped 0 items (at 0 items/min)
2017-11-03 09:25:27 [scrapy.extensions.telnet] DEBUG: Telnet console listening on 127.0.0.1:6023
2017-11-03 09:25:27 [scrapy.core.engine] DEBUG: Crawled (403) <GET https://movie.douban.com/chart> (referer: None)
2017-11-03 09:25:27 [scrapy.spidermiddlewares.httperror] INFO: Ignoring response <403 https://movie.douban.com/chart>: HTTP status code is not handled or not allowed
2017-11-03 09:25:27 [scrapy.core.engine] INFO: Closing spider (finished)
2017-11-03 09:25:27 [scrapy.statscollectors] INFO: Dumping Scrapy stats:
{'downloader/request_bytes': 219,
 'downloader/request_count': 1,
 'downloader/request_method_count/GET': 1,
 'downloader/response_bytes': 248,
 'downloader/response_count': 1,
 'downloader/response_status_count/403': 1,
 'finish_reason': 'finished',
 'finish_time': datetime.datetime(2017, 11, 3, 1, 25, 27, 762553),
 'httperror/response_ignored_count': 1,
 'httperror/response_ignored_status_count/403': 1,
 'log_count/DEBUG': 2,
 'log_count/INFO': 8,
 'memusage/max': 65236992,
 'memusage/startup': 65236992,
 'response_received_count': 1,
 'scheduler/dequeued': 1,
 'scheduler/dequeued/memory': 1,
 'scheduler/enqueued': 1,
 'scheduler/enqueued/memory': 1,
 'start_time': datetime.datetime(2017, 11, 3, 1, 25, 27, 319548)}
2017-11-03 09:25:27 [scrapy.core.engine] INFO: Spider closed (finished)
2017-11-03 09:27:07 [scrapy.utils.log] INFO: Scrapy 1.4.0 started (bot: douban_simple)
2017-11-03 09:27:07 [scrapy.utils.log] INFO: Overridden settings: {'BOT_NAME': 'douban_simple', 'LOG_FILE': 'scrapy.log', 'NEWSPIDER_MODULE': 'douban_simple.spiders', 'SPIDER_MODULES': ['douban_simple.spiders']}
2017-11-03 09:27:07 [scrapy.middleware] INFO: Enabled extensions:
['scrapy.extensions.corestats.CoreStats',
 'scrapy.extensions.telnet.TelnetConsole',
 'scrapy.extensions.memusage.MemoryUsage',
 'scrapy.extensions.logstats.LogStats']
2017-11-03 09:27:07 [scrapy.middleware] INFO: Enabled downloader middlewares:
['scrapy.downloadermiddlewares.httpauth.HttpAuthMiddleware',
 'scrapy.downloadermiddlewares.downloadtimeout.DownloadTimeoutMiddleware',
 'scrapy.downloadermiddlewares.defaultheaders.DefaultHeadersMiddleware',
 'scrapy.downloadermiddlewares.useragent.UserAgentMiddleware',
 'scrapy.downloadermiddlewares.retry.RetryMiddleware',
 'scrapy.downloadermiddlewares.redirect.MetaRefreshMiddleware',
 'scrapy.downloadermiddlewares.httpcompression.HttpCompressionMiddleware',
 'scrapy.downloadermiddlewares.redirect.RedirectMiddleware',
 'scrapy.downloadermiddlewares.cookies.CookiesMiddleware',
 'scrapy.downloadermiddlewares.httpproxy.HttpProxyMiddleware',
 'scrapy.downloadermiddlewares.stats.DownloaderStats']
2017-11-03 09:27:07 [scrapy.middleware] INFO: Enabled spider middlewares:
['scrapy.spidermiddlewares.httperror.HttpErrorMiddleware',
 'scrapy.spidermiddlewares.offsite.OffsiteMiddleware',
 'scrapy.spidermiddlewares.referer.RefererMiddleware',
 'scrapy.spidermiddlewares.urllength.UrlLengthMiddleware',
 'scrapy.spidermiddlewares.depth.DepthMiddleware']
2017-11-03 09:27:07 [scrapy.middleware] INFO: Enabled item pipelines:
[]
2017-11-03 09:27:07 [scrapy.core.engine] INFO: Spider opened
2017-11-03 09:27:07 [scrapy.extensions.logstats] INFO: Crawled 0 pages (at 0 pages/min), scraped 0 items (at 0 items/min)
2017-11-03 09:27:07 [scrapy.extensions.telnet] DEBUG: Telnet console listening on 127.0.0.1:6023
2017-11-03 09:27:08 [scrapy.core.engine] DEBUG: Crawled (403) <GET https://movie.douban.com/chart> (referer: None)
2017-11-03 09:27:08 [scrapy.spidermiddlewares.httperror] INFO: Ignoring response <403 https://movie.douban.com/chart>: HTTP status code is not handled or not allowed
2017-11-03 09:27:08 [scrapy.core.engine] INFO: Closing spider (finished)
2017-11-03 09:27:08 [scrapy.statscollectors] INFO: Dumping Scrapy stats:
{'downloader/request_bytes': 219,
 'downloader/request_count': 1,
 'downloader/request_method_count/GET': 1,
 'downloader/response_bytes': 248,
 'downloader/response_count': 1,
 'downloader/response_status_count/403': 1,
 'finish_reason': 'finished',
 'finish_time': datetime.datetime(2017, 11, 3, 1, 27, 8, 543746),
 'httperror/response_ignored_count': 1,
 'httperror/response_ignored_status_count/403': 1,
 'log_count/DEBUG': 2,
 'log_count/INFO': 8,
 'memusage/max': 65089536,
 'memusage/startup': 65089536,
 'response_received_count': 1,
 'scheduler/dequeued': 1,
 'scheduler/dequeued/memory': 1,
 'scheduler/enqueued': 1,
 'scheduler/enqueued/memory': 1,
 'start_time': datetime.datetime(2017, 11, 3, 1, 27, 7, 760798)}
2017-11-03 09:27:08 [scrapy.core.engine] INFO: Spider closed (finished)
2017-11-03 09:28:21 [scrapy.utils.log] INFO: Scrapy 1.4.0 started (bot: douban_simple)
2017-11-03 09:28:21 [scrapy.utils.log] INFO: Overridden settings: {'BOT_NAME': 'douban_simple', 'LOG_FILE': 'scrapy.log', 'NEWSPIDER_MODULE': 'douban_simple.spiders', 'SPIDER_MODULES': ['douban_simple.spiders']}
2017-11-03 09:28:21 [scrapy.middleware] INFO: Enabled extensions:
['scrapy.extensions.corestats.CoreStats',
 'scrapy.extensions.telnet.TelnetConsole',
 'scrapy.extensions.memusage.MemoryUsage',
 'scrapy.extensions.logstats.LogStats']
2017-11-03 09:28:21 [scrapy.middleware] INFO: Enabled downloader middlewares:
['scrapy.downloadermiddlewares.httpauth.HttpAuthMiddleware',
 'scrapy.downloadermiddlewares.downloadtimeout.DownloadTimeoutMiddleware',
 'scrapy.downloadermiddlewares.defaultheaders.DefaultHeadersMiddleware',
 'scrapy.downloadermiddlewares.useragent.UserAgentMiddleware',
 'scrapy.downloadermiddlewares.retry.RetryMiddleware',
 'scrapy.downloadermiddlewares.redirect.MetaRefreshMiddleware',
 'scrapy.downloadermiddlewares.httpcompression.HttpCompressionMiddleware',
 'scrapy.downloadermiddlewares.redirect.RedirectMiddleware',
 'scrapy.downloadermiddlewares.cookies.CookiesMiddleware',
 'scrapy.downloadermiddlewares.httpproxy.HttpProxyMiddleware',
 'scrapy.downloadermiddlewares.stats.DownloaderStats']
2017-11-03 09:28:21 [scrapy.middleware] INFO: Enabled spider middlewares:
['scrapy.spidermiddlewares.httperror.HttpErrorMiddleware',
 'scrapy.spidermiddlewares.offsite.OffsiteMiddleware',
 'scrapy.spidermiddlewares.referer.RefererMiddleware',
 'scrapy.spidermiddlewares.urllength.UrlLengthMiddleware',
 'scrapy.spidermiddlewares.depth.DepthMiddleware']
2017-11-03 09:28:21 [scrapy.middleware] INFO: Enabled item pipelines:
[]
2017-11-03 09:28:21 [scrapy.core.engine] INFO: Spider opened
2017-11-03 09:28:21 [scrapy.extensions.logstats] INFO: Crawled 0 pages (at 0 pages/min), scraped 0 items (at 0 items/min)
2017-11-03 09:28:21 [scrapy.extensions.telnet] DEBUG: Telnet console listening on 127.0.0.1:6023
2017-11-03 09:28:21 [scrapy.core.engine] DEBUG: Crawled (200) <GET https://movie.douban.com/chart> (referer: https://accounts.douban.com/login?alias=*******略)
2017-11-03 09:28:21 [scrapy.core.scraper] DEBUG: Scraped from <200 https://movie.douban.com/chart>
{'movie_name': '小丑回魂 / 它(台) / It: Chapter One',
 'movie_star': '7.6',
 'movie_url': 'https://movie.douban.com/subject/3604148/'}
2017-11-03 09:28:21 [scrapy.core.scraper] DEBUG: Scraped from <200 https://movie.douban.com/chart>
{'movie_name': '忌日快乐 / 死日快乐 / 吓到半死',
 'movie_star': '7.3',
 'movie_url': 'https://movie.douban.com/subject/27027913/'}
2017-11-03 09:28:21 [scrapy.core.scraper] DEBUG: Scraped from <200 https://movie.douban.com/chart>
{'movie_name': '极寒之城 / 极冻之城(台) / 原子杀姬(港)',
 'movie_star': '7.2',
 'movie_url': 'https://movie.douban.com/subject/26386034/'}
2017-11-03 09:28:21 [scrapy.core.scraper] DEBUG: Scraped from <200 https://movie.douban.com/chart>
{'movie_name': '杀破狼·贪狼 / Paradox',
 'movie_star': '7.2',
 'movie_url': 'https://movie.douban.com/subject/26826398/'}
2017-11-03 09:28:21 [scrapy.core.scraper] DEBUG: Scraped from <200 https://movie.douban.com/chart>
{'movie_name': '猩球崛起3：终极之战 / 猩球崛起：终极决战(台) / 猿人争霸战：猩凶巨战(港)',
 'movie_star': '6.9',
 'movie_url': 'https://movie.douban.com/subject/25808075/'}
2017-11-03 09:28:21 [scrapy.core.scraper] DEBUG: Scraped from <200 https://movie.douban.com/chart>
{'movie_name': '美国行动 / 美国制造 / 梅纳',
 'movie_star': '7.6',
 'movie_url': 'https://movie.douban.com/subject/26304310/'}
2017-11-03 09:28:21 [scrapy.core.scraper] DEBUG: Scraped from <200 https://movie.douban.com/chart>
{'movie_name': '小戏骨：红楼梦之刘姥姥进大观园 / 小戏骨之刘姥姥进大观园 / 红楼梦之刘姥姥进大观园',
 'movie_star': '9.2',
 'movie_url': 'https://movie.douban.com/subject/26951951/'}
2017-11-03 09:28:21 [scrapy.core.scraper] DEBUG: Scraped from <200 https://movie.douban.com/chart>
{'movie_name': '大护法 / 大护法之黑花生',
 'movie_star': '7.8',
 'movie_url': 'https://movie.douban.com/subject/26811587/'}
2017-11-03 09:28:21 [scrapy.core.scraper] DEBUG: Scraped from <200 https://movie.douban.com/chart>
{'movie_name': '我能说 / 花漾奶奶秀英文(港) / I Can Speak',
 'movie_star': '8.7',
 'movie_url': 'https://movie.douban.com/subject/27000061/'}
2017-11-03 09:28:21 [scrapy.core.scraper] DEBUG: Scraped from <200 https://movie.douban.com/chart>
{'movie_name': '猎凶风河谷 / 风河谷谋杀案(港) / 极地追击(台)',
 'movie_star': '7.7',
 'movie_url': 'https://movie.douban.com/subject/26389601/'}
2017-11-03 09:28:21 [scrapy.core.engine] INFO: Closing spider (finished)
2017-11-03 09:28:21 [scrapy.statscollectors] INFO: Dumping Scrapy stats:
{'downloader/request_bytes': 524,
 'downloader/request_count': 1,
 'downloader/request_method_count/GET': 1,
 'downloader/response_bytes': 11754,
 'downloader/response_count': 1,
 'downloader/response_status_count/200': 1,
 'finish_reason': 'finished',
 'finish_time': datetime.datetime(2017, 11, 3, 1, 28, 21, 856549),
 'item_scraped_count': 10,
 'log_count/DEBUG': 12,
 'log_count/INFO': 7,
 'memusage/max': 65228800,
 'memusage/startup': 65228800,
 'response_received_count': 1,
 'scheduler/dequeued': 1,
 'scheduler/dequeued/memory': 1,
 'scheduler/enqueued': 1,
 'scheduler/enqueued/memory': 1,
 'start_time': datetime.datetime(2017, 11, 3, 1, 28, 21, 270876)}
2017-11-03 09:28:21 [scrapy.core.engine] INFO: Spider closed (finished)
